<?xml version="1.0" encoding="UTF-8"?>
<!-- Generated by org.testng.reporters.JUnitReportReporter -->
<testsuite hostname="SuneelReddy-PC" name="dataprovider.DataProviderTest" tests="5" failures="0" timestamp="3 Dec 2016 19:37:30 GMT" time="0.055" errors="0">
  <testcase name="testCaseTwo" time="0.005" classname="dataprovider.DataProviderTest"/>
  <testcase name="testCaseTwo" time="0.012" classname="dataprovider.DataProviderTest"/>
  <testcase name="testCaseOne" time="0.005" classname="dataprovider.DataProviderTest"/>
  <testcase name="testCaseOne" time="0.024" classname="dataprovider.DataProviderTest"/>
  <testcase name="testCaseTwo" time="0.009" classname="dataprovider.DataProviderTest"/>
</testsuite> <!-- dataprovider.DataProviderTest -->
